<?xml version="1.0" encoding="UTF-8"?>
<!-- Generated by org.testng.reporters.JUnitReportReporter -->
<testsuite hostname="DESKTOP-88SEI6R" failures="0" tests="1" name="testCases.TC_014_ProductReturnTest" time="29.097" errors="0" timestamp="2024-05-17T00:08:45 IST" skipped="0">
  <testcase classname="testCases.TC_014_ProductReturnTest" name="verify_product_return" time="29.097"/>
</testsuite> <!-- testCases.TC_014_ProductReturnTest -->
