<?xml version="1.0" encoding="UTF-8"?>
<!-- Generated by org.testng.reporters.JUnitReportReporter -->
<testsuite hostname="DESKTOP-88SEI6R" failures="0" tests="1" name="testCases.TC_001_AccountRegistrationPage" time="4.969" errors="0" timestamp="2024-05-01T16:58:31 IST" skipped="0">
  <testcase classname="testCases.TC_001_AccountRegistrationPage" name="verify_account_registration" time="4.969"/>
</testsuite> <!-- testCases.TC_001_AccountRegistrationPage -->
