<?xml version="1.0" encoding="UTF-8"?>
<!-- Generated by org.testng.reporters.JUnitReportReporter -->
<testsuite hostname="DESKTOP-88SEI6R" failures="0" tests="1" name="testCases.TC_008_WishListCheck" time="6.659" errors="0" timestamp="2024-05-12T19:11:08 IST" skipped="0">
  <testcase classname="testCases.TC_008_WishListCheck" name="verify_wishlist" time="6.659"/>
</testsuite> <!-- testCases.TC_008_WishListCheck -->
