<?xml version="1.0" encoding="UTF-8"?>
<!-- Generated by org.testng.reporters.JUnitReportReporter -->
<testsuite hostname="DESKTOP-88SEI6R" failures="0" tests="5" name="testCases.TC_003_LoginDDT" time="39.950" errors="0" timestamp="2024-05-12T19:11:08 IST" skipped="0">
  <testcase classname="testCases.TC_003_LoginDDT" name="verify_loginddt" time="11.750"/>
  <testcase classname="testCases.TC_003_LoginDDT" name="verify_loginddt" time="2.095"/>
  <testcase classname="testCases.TC_003_LoginDDT" name="verify_loginddt" time="11.497"/>
  <testcase classname="testCases.TC_003_LoginDDT" name="verify_loginddt" time="2.874"/>
  <testcase classname="testCases.TC_003_LoginDDT" name="verify_loginddt" time="11.734"/>
</testsuite> <!-- testCases.TC_003_LoginDDT -->
