<?xml version="1.0" encoding="UTF-8"?>
<!-- Generated by org.testng.reporters.JUnitReportReporter -->
<testsuite hostname="DESKTOP-88SEI6R" failures="0" tests="3" name="testCases.TC_011_HomePageUICheck" time="2.887" errors="0" timestamp="2024-05-13T22:22:41 IST" skipped="0">
  <testcase classname="testCases.TC_011_HomePageUICheck" name="verify_tabs" time="0.227"/>
  <testcase classname="testCases.TC_011_HomePageUICheck" name="verify_footer" time="0.288"/>
  <testcase classname="testCases.TC_011_HomePageUICheck" name="verify_header_tabs" time="2.372"/>
</testsuite> <!-- testCases.TC_011_HomePageUICheck -->
