<?xml version="1.0" encoding="UTF-8"?>
<!-- Generated by org.testng.reporters.JUnitReportReporter -->
<testsuite hostname="DESKTOP-88SEI6R" failures="0" tests="1" name="testCases.TC_009_NewsletterCheck" time="5.866" errors="0" timestamp="2024-05-12T19:11:08 IST" skipped="0">
  <testcase classname="testCases.TC_009_NewsletterCheck" name="verify_Newsletter" time="5.866"/>
</testsuite> <!-- testCases.TC_009_NewsletterCheck -->
