<?xml version="1.0" encoding="UTF-8"?>
<!-- Generated by org.testng.reporters.JUnitReportReporter -->
<testsuite hostname="DESKTOP-88SEI6R" failures="0" tests="2" name="testCases.TC_010_CarouselSliderCheck" time="7.655" errors="0" timestamp="2024-05-13T20:08:11 IST" skipped="0">
  <testcase classname="testCases.TC_010_CarouselSliderCheck" name="verify_main_Carousel_Slider" time="0.454"/>
  <testcase classname="testCases.TC_010_CarouselSliderCheck" name="verify_isExist_Carousel_Slider" time="7.201"/>
</testsuite> <!-- testCases.TC_010_CarouselSliderCheck -->
