<?xml version="1.0" encoding="UTF-8"?>
<!-- Generated by org.testng.reporters.JUnitReportReporter -->
<testsuite hostname="DESKTOP-88SEI6R" failures="0" tests="5" name="testCases.TC_003_LoginDDT" time="38.166" errors="0" timestamp="2024-04-30T23:35:07 IST" skipped="0">
  <testcase classname="testCases.TC_003_LoginDDT" name="verify_loginddt" time="11.879"/>
  <testcase classname="testCases.TC_003_LoginDDT" name="verify_loginddt" time="11.272"/>
  <testcase classname="testCases.TC_003_LoginDDT" name="verify_loginddt" time="2.102"/>
  <testcase classname="testCases.TC_003_LoginDDT" name="verify_loginddt" time="11.163"/>
  <testcase classname="testCases.TC_003_LoginDDT" name="verify_loginddt" time="1.750"/>
</testsuite> <!-- testCases.TC_003_LoginDDT -->
