<?xml version="1.0" encoding="UTF-8"?>
<!-- Generated by org.testng.reporters.JUnitReportReporter -->
<testsuite hostname="DESKTOP-88SEI6R" failures="0" tests="1" name="testCases.TC_005_EndtoEndTest" time="24.220" errors="0" timestamp="2024-05-12T19:36:06 IST" skipped="0">
  <testcase classname="testCases.TC_005_EndtoEndTest" name="verify_end_to_end_test" time="24.220"/>
</testsuite> <!-- testCases.TC_005_EndtoEndTest -->
