<?xml version="1.0" encoding="UTF-8"?>
<!-- Generated by org.testng.reporters.JUnitReportReporter -->
<testsuite hostname="DESKTOP-88SEI6R" failures="0" tests="1" name="testCases.TC_007_AddressBookAddDelete" time="14.553" errors="0" timestamp="2024-05-12T19:14:51 IST" skipped="0">
  <testcase classname="testCases.TC_007_AddressBookAddDelete" name="verify_addressbook_edit_delete" time="14.553"/>
</testsuite> <!-- testCases.TC_007_AddressBookAddDelete -->
