<?xml version="1.0" encoding="UTF-8"?>
<!-- Generated by org.testng.reporters.JUnitReportReporter -->
<testsuite hostname="DESKTOP-88SEI6R" failures="0" tests="1" name="testCases.TC_012_MouseHoverTest" time="1.332" errors="0" timestamp="2024-05-13T23:13:47 IST" skipped="0">
  <testcase classname="testCases.TC_012_MouseHoverTest" name="checkHomeMouseHover" time="1.332"/>
</testsuite> <!-- testCases.TC_012_MouseHoverTest -->
