<?xml version="1.0" encoding="UTF-8"?>
<!-- Generated by org.testng.reporters.JUnitReportReporter -->
<testsuite hostname="DESKTOP-88SEI6R" failures="0" tests="1" name="testCases.TC_013_AddReviewTest" time="2.199" errors="0" timestamp="2024-05-14T22:42:39 IST" skipped="0">
  <testcase classname="testCases.TC_013_AddReviewTest" name="check_add_review" time="2.199"/>
</testsuite> <!-- testCases.TC_013_AddReviewTest -->
