<?xml version="1.0" encoding="UTF-8"?>
<!-- Generated by org.testng.reporters.JUnitReportReporter -->
<testsuite hostname="DESKTOP-88SEI6R" failures="0" tests="1" name="testCases.TC_002_LoginTest" time="1.972" errors="0" timestamp="2024-05-01T19:30:04 IST" skipped="0">
  <testcase classname="testCases.TC_002_LoginTest" name="verify_login" time="1.972"/>
</testsuite> <!-- testCases.TC_002_LoginTest -->
